2025-05-28 15:05:09,182 Generated layer profile with 1 layers:
2025-05-28 15:05:09,182 ['(\'cx\', (<Qubit register=(4, "q"), index=1>, <Qubit register=(4, "q"), index=2>))']
2025-05-28 15:05:09,183 Created pauli bases
2025-05-28 15:05:09,183 ['XXXX', 'YXYX', 'ZXZX', 'XYXY', 'YYYY', 'ZYZY', 'XZXZ', 'YZYZ', 'ZZZZ']
2025-05-28 15:05:09,184 Created model with the following terms:
2025-05-28 15:05:09,185 {'XYII', 'IYYI', 'XZII', 'ZIII', 'IIXI', 'IYXI', 'IIIY', 'IIXY', 'YIII', 'IIIZ', 'IXYI', 'ZXII', 'IZII', 'IYZI', 'YYII', 'IIZI', 'IIZX', 'YZII', 'IZZI', 'XXII', 'IIYY', 'IZXI', 'YXII', 'XIII', 'IYII', 'IXII', 'IIZZ', 'IXXI', 'IIYI', 'IZYI', 'IIXX', 'IXZI', 'ZYII', 'IIZY', 'IIYX', 'IIYZ', 'IIIX', 'ZZII', 'IIXZ'}
2025-05-28 15:05:09,326 Chose single bases:
2025-05-28 15:05:09,326 ['IYII', 'IZYI', 'IIXI', 'IZZI', 'IXYI', 'IZXI']
2025-05-28 15:09:19,971 Created experiment consisting of 6000 instances
2025-05-28 15:14:27,466 Fit noise model with following fidelities:
2025-05-28 15:14:27,469 [np.float64(0.9999991310438238), np.float64(0.9999771210571665), np.float64(0.9999991310438238), np.float64(0.9999991310438238), np.float64(1.0000211415149316), np.float64(0.9999771210571665), np.float64(0.9999991310438238), np.float64(0.9999991310438238), np.float64(0.9999991310438238), np.float64(0.9999991310438238), np.float64(1.0000211415149316), np.float64(0.9999991310438238), np.float64(0.9999771210571665), np.float64(0.9999771210571665), np.float64(0.9999991310438238), np.float64(0.9999991310438238), np.float64(0.9999991310438238), np.float64(0.9999991310438238), np.float64(1.0000211415149316), np.float64(0.9999991310438238), np.float64(0.9999991310438238), np.float64(1.0000211415149316), np.float64(0.9999991310438238), np.float64(0.9999991310438238), np.float64(1.0000211415149316), np.float64(0.9999991310438238), np.float64(0.9999991310438238), np.float64(0.9999771210571665), np.float64(0.9999771210571665), np.float64(1.0000211415149316), np.float64(0.9999991310438238), np.float64(0.9999991310438238), np.float64(0.9999991310438238), np.float64(0.9999991310438238), np.float64(0.9999991310438238), np.float64(0.9999991310438238), np.float64(0.9999991310438238), np.float64(0.9999991310438238), np.float64(0.9999991310438238)]
2025-05-28 15:21:23,835 Generated layer profile with 1 layers:
2025-05-28 15:21:23,836 ['(\'cx\', (<Qubit register=(4, "q"), index=1>, <Qubit register=(4, "q"), index=2>))']
2025-05-28 15:21:23,842 Created pauli bases
2025-05-28 15:21:23,843 ['XXXX', 'YXYX', 'ZXZX', 'XYXY', 'YYYY', 'ZYZY', 'XZXZ', 'YZYZ', 'ZZZZ']
2025-05-28 15:21:23,846 Created model with the following terms:
2025-05-28 15:21:23,846 {'XYII', 'IYYI', 'XZII', 'ZIII', 'IIXI', 'IYXI', 'IIIY', 'IIXY', 'YIII', 'IIIZ', 'IXYI', 'ZXII', 'IZII', 'IYZI', 'YYII', 'IIZI', 'IIZX', 'YZII', 'IZZI', 'XXII', 'IIYY', 'IZXI', 'YXII', 'XIII', 'IYII', 'IXII', 'IIZZ', 'IXXI', 'IIYI', 'IZYI', 'IIXX', 'IXZI', 'ZYII', 'IIZY', 'IIYX', 'IIYZ', 'IIIX', 'ZZII', 'IIXZ'}
2025-05-28 15:21:23,993 Chose single bases:
2025-05-28 15:21:23,993 ['IYII', 'IZYI', 'IIXI', 'IZZI', 'IXYI', 'IZXI']
2025-05-28 15:24:30,982 Created experiment consisting of 6000 instances
2025-05-28 15:28:34,667 Fit noise model with following fidelities:
2025-05-28 15:28:34,667 [np.float64(0.9999991310438238), np.float64(0.9999771210571665), np.float64(0.9999991310438238), np.float64(0.9999991310438238), np.float64(1.0000211415149316), np.float64(0.9999771210571665), np.float64(0.9999991310438238), np.float64(0.9999991310438238), np.float64(0.9999991310438238), np.float64(0.9999991310438238), np.float64(1.0000211415149316), np.float64(0.9999991310438238), np.float64(0.9999771210571665), np.float64(0.9999771210571665), np.float64(0.9999991310438238), np.float64(0.9999991310438238), np.float64(0.9999991310438238), np.float64(0.9999991310438238), np.float64(1.0000211415149316), np.float64(0.9999991310438238), np.float64(0.9999991310438238), np.float64(1.0000211415149316), np.float64(0.9999991310438238), np.float64(0.9999991310438238), np.float64(1.0000211415149316), np.float64(0.9999991310438238), np.float64(0.9999991310438238), np.float64(0.9999771210571665), np.float64(0.9999771210571665), np.float64(1.0000211415149316), np.float64(0.9999991310438238), np.float64(0.9999991310438238), np.float64(0.9999991310438238), np.float64(0.9999991310438238), np.float64(0.9999991310438238), np.float64(0.9999991310438238), np.float64(0.9999991310438238), np.float64(0.9999991310438238), np.float64(0.9999991310438238)]
